15
 energy: -58.088730161935 gnorm: 0.345103095417 xtb: 6.7.1 (edcfbbe)
C           -1.22562000000000        2.17106000000000       -0.58255000000000
C            4.70044000000000        3.14529000000000       -1.63768000000000
F           -1.76095000000000        3.41049000000000       -0.28883000000000
F           -1.27682000000000        1.95996000000000       -1.94693000000000
F           -1.95750000000000        1.19017000000000        0.05901000000000
F            4.44944000000000        4.43828000000000       -2.05456000000000
F            5.90750000000000        3.10592000000000       -0.96642000000000
F            4.75852000000000        2.30923000000000       -2.73607000000000
S            0.50175000000000        2.10478000000000       -0.02589000000000
S            3.37196000000000        2.59800000000000       -0.52932000000000
N            1.71919000000000        2.69827000000000       -1.17907000000000
O            0.72662000000000        2.88866000000000        1.27609000000000
O            0.93448000000000        0.68090000000000        0.35526000000000
O            3.35906000000000        3.37924000000000        0.79330000000000
O            3.56467000000000        1.14615000000000       -0.06594000000000
15
 energy: -58.155235088894 gnorm: 0.226731561512 xtb: 6.7.1 (edcfbbe)
C           -1.19267751019012        2.17850905040332       -0.59174369874300
C            4.66525588596260        3.14097111574856       -1.63502743523420
F           -1.73401090805066        3.38090393092388       -0.30588432117528
F           -1.26813299313946        1.96872400211578       -1.92322716129093
F           -1.91525427352703        1.22683558783530        0.03486688365849
F            4.44335783932925        4.40628836781836       -2.04911922330913
F            5.84701192862725        3.10375396587106       -0.98502079671440
F            4.74374746444474        2.33175506120062       -2.71219574976599
S            0.57176597540072        2.09995206005489        0.00016016529390
S            3.32036902206704        2.57442181335088       -0.48099413097043
N            1.72401410148916        2.69095415275758       -1.16038218760654
O            0.70055088860941        2.89191548433547        1.26115021290739
O            0.90851770487131        0.68339975100571        0.33766060430182
O            3.37549119047568        3.39162864277292        0.76926224554322
O            3.58273368363011        1.15638701380565       -0.08910540689492
15
 energy: -58.201478376140 gnorm: 0.060422755236 xtb: 6.7.1 (edcfbbe)
C           -1.17324221662113        2.18573410264538       -0.60307143088642
C            4.64084522637969        3.14010585647773       -1.63887106065989
F           -1.70011705200643        3.34910761700636       -0.32138722135834
F           -1.25594838752604        1.97787341257032       -1.89367996749013
F           -1.86451210306949        1.26279402659043        0.01469962734172
F            4.43522102856911        4.36932070273197       -2.03958754260826
F            5.78001345806075        3.09807121859094       -0.99642631374467
F            4.72540883066183        2.35495573814061       -2.68238533817769
S            0.65457462516056        2.08857947343090        0.04410494414893
S            3.26531342996396        2.54252467373317       -0.41169007593348
N            1.74147670566599        2.66331638171458       -1.08905418257790
O            0.68459515596538        2.90326539622057        1.21345724070421
O            0.89203568851732        0.70472635153531        0.29165753848371
O            3.36971019716454        3.40635485582676        0.71806204031766
O            3.57736541311393        1.17967019278497       -0.13542825755947
15
 energy: -58.210746053783 gnorm: 0.029319912091 xtb: 6.7.1 (edcfbbe)
C           -1.12700171706132        2.19944830697961       -0.62361100890331
C            4.58755269775746        3.13667199491914       -1.64246547343602
F           -1.63733004319431        3.37239144883236       -0.34254957509451
F           -1.19379087954656        1.98588700657505       -1.91608894688514
F           -1.80771865945882        1.27376271158052        0.00630966607614
F            4.36844020134267        4.36758836187791       -2.03608652521598
F            5.71952145372103        3.08721091763239       -0.98345713826193
F            4.65810103963799        2.34313732523769       -2.68280072191947
S            0.70233208389194        2.07834120712351        0.07209130951944
S            3.23453022226979        2.52499416358600       -0.36859310754040
N            1.74788079204198        2.65279814276274       -1.06127143862006
O            0.67739057418053        2.91936782541105        1.21471920540051
O            0.88699738421532        0.68448803846364        0.27119029758862
O            3.37191387327172        3.43363910475968        0.71428874744651
O            3.58392097693055        1.16667344425871       -0.15127529015444
15
 energy: -58.214713203225 gnorm: 0.017292862975 xtb: 6.7.1 (edcfbbe)
C           -1.07521175346987        2.21664467053974       -0.65195206500166
C            4.52511449271543        3.13529080820962       -1.65134390373819
F           -1.56896976907776        3.40846657065189       -0.38867023239795
F           -1.11137597423321        1.99509828490732       -1.95056743738297
F           -1.78074384185812        1.29821716966726       -0.02327785633611
F            4.28294409327005        4.36940094479680       -2.04136496135397
F            5.67216212598360        3.08890960694190       -1.00394916026115
F            4.57120295420179        2.33434156562583       -2.69523576022782
S            0.73482471342641        2.05816713289631        0.10972816956018
S            3.22231411763659        2.51070565035662       -0.32043223367362
N            1.75890184043489        2.63501184674570       -1.01252952531284
O            0.65382201105809        2.91370174757915        1.24308178934971
O            0.86615219282132        0.65014643723479        0.27473936872657
O            3.40302892267275        3.45732126622674        0.72803191088322
O            3.61857387441801        1.15497629762035       -0.14585810283349
15
 energy: -58.216575344855 gnorm: 0.019442070957 xtb: 6.7.1 (edcfbbe)
C           -1.03626979623124        2.23142448139233       -0.67787115664527
C            4.47630235395734        3.13594585208313       -1.66205792130149
F           -1.51048926940306        3.44019278084545       -0.44131845002403
F           -1.03135421107036        2.00406924505289       -1.97895635124160
F           -1.78787780531049        1.33187484977394       -0.06701580349773
F            4.20470423374721        4.36712726825114       -2.04968882865952
F            5.64970495798124        3.10342849437923       -1.05498665568003
F            4.49000378793064        2.33123771811484       -2.70718862894626
S            0.74625716449006        2.03405764096574        0.14520488927412
S            3.22894697913027        2.50329972471686       -0.27940409195528
N            1.77089164719672        2.61648882113878       -0.95970358241319
O            0.63825799716908        2.88502600486195        1.27839113597204
O            0.85024098407928        0.62252633727756        0.29326341473812
O            3.43376483621712        3.46504162028798        0.74984816292941
O            3.64965614011613        1.15465916085819       -0.11811613254940
15
 energy: -58.218519262119 gnorm: 0.018391656958 xtb: 6.7.1 (edcfbbe)
C           -0.99273022971393        2.24695673870883       -0.70386466293632
C            4.42350740719386        3.13496503183731       -1.67108619254615
F           -1.44136031773677        3.47311217092134       -0.49785736906149
F           -0.94368587284154        2.01038033088415       -2.00421087245261
F           -1.79976782836324        1.37420595059068       -0.11601702937926
F            4.12138118408294        4.36099018834579       -2.05607946355224
F            5.62862906982987        3.11922883793463       -1.11869754921326
F            4.39807957425380        2.32538583629968       -2.71427730556067
S            0.75143458528064        2.00621705997310        0.17721575257580
S            3.24059736537632        2.50208499089331       -0.23896521689338
N            1.78198585467324        2.60283320866115       -0.90955224909322
O            0.63031687589807        2.84084696735320        1.31696572725232
O            0.84055241614047        0.59538223753274        0.30883576142900
O            3.46011137001228        3.47170852235076        0.77483989148102
O            3.67368854591391        1.16210192771333       -0.07684922204971
15
 energy: -58.220621096601 gnorm: 0.019487381805 xtb: 6.7.1 (edcfbbe)
C           -0.93989562474110        2.26703661498561       -0.73380785082889
C            4.35984595094984        3.13135191356557       -1.68120230693681
F           -1.35421739881196        3.51018715981758       -0.55889446297217
F           -0.84177305950203        2.01768933551601       -2.02884504359868
F           -1.80963018213119        1.42874120028095       -0.17765114504098
F            4.02332173841507        4.34885669774361       -2.06336197506471
F            5.60018361913209        3.13771155398171       -1.19959102299861
F            4.28713207496968        2.31114365437643       -2.71460470064443
S            0.75018548948133        1.97174957250621        0.20799851836719
S            3.25906748643706        2.50806411779993       -0.19379774562533
N            1.79444172354596        2.59201728282004       -0.85285661700888
O            0.62094686492742        2.77587286313261        1.36620046493223
O            0.82544067469372        0.55946836301058        0.31518594451086
O            3.49393993592052        3.48937597023406        0.80276465588428
O            3.70375070671348        1.17713370022907       -0.01713671297530
15
 energy: -58.222580968311 gnorm: 0.019166868738 xtb: 6.7.1 (edcfbbe)
C           -0.87993825385937        2.29113079102013       -0.76439645670830
C            4.28823440849007        3.12427068653281       -1.69151421736021
F           -1.25138144731317        3.54911259807235       -0.61622859328885
F           -0.73281788457343        2.02649415665480       -2.04889587450566
F           -1.80999983122649        1.49265130006311       -0.24614293449136
F            3.91600803023559        4.32974331201742       -2.07069518798919
F            5.55738904606417        3.15526891423632       -1.28631791774182
F            4.16695424991879        2.28692074693236       -2.70471409124992
S            0.74729793214866        1.93183614745004        0.23401250562682
S            3.27843559688932        2.52136480241856       -0.14583267525274
N            1.80778239050116        2.58361978739859       -0.79177424619284
O            0.61290575300171        2.69545285324051        1.41892298938692
O            0.80795961305945        0.51656190212926        0.30276437367120
O            3.52874718100485        3.52272125640345        0.82628953632123
O            3.73516321565859        1.19925074543020        0.05492278977444
15
 energy: -58.224209600124 gnorm: 0.017932547660 xtb: 6.7.1 (edcfbbe)
C           -0.82476744944968        2.31477440085270       -0.78739538345699
C            4.22312062643253        3.11408459791194       -1.69924668658706
F           -1.14675416335228        3.58586210419820       -0.65742752010021
F           -0.63572369016940        2.03460634214339       -2.05891262552223
F           -1.80565632663602        1.55805752204902       -0.30660255889767
F            3.81774386752120        4.30598003351328       -2.07690000227142
F            5.50738461039218        3.16784449001818       -1.36134305691581
F            4.06095885242912        2.25475268910703       -2.68413908608545
S            0.74560938660097        1.88910889687270        0.24863950429066
S            3.29242966749193        2.54268910839909       -0.10299516319509
N            1.81885864536159        2.57810451531001       -0.73739032774495
O            0.61162706043993        2.60732509242870        1.46304173197461
O            0.79044718891175        0.46970311284909        0.26531377592280
O            3.55704752367194        3.57428049031963        0.83605505926542
O            3.76041420035411        1.22922660402690        0.12970233932308
15
 energy: -58.225643879549 gnorm: 0.017265152337 xtb: 6.7.1 (edcfbbe)
C           -0.77093801176231        2.33788268765046       -0.80584083886697
C            4.16078142805520        3.10164787697974       -1.70341865774011
F           -1.03174249017935        3.62512491123085       -0.69303884071728
F           -0.53886323650925        2.03943089147892       -2.06410103014649
F           -1.80759267155925        1.63323480006745       -0.36405065757867
F            3.71560711533275        4.27846240803051       -2.08046652850017
F            5.45872025047264        3.17909418740037       -1.44002373485532
F            3.95408886344632        2.21659942055566       -2.65535169121879
S            0.74809317573832        1.83824505908593        0.25624835601065
S            3.30176395282834        2.57152832102519       -0.05682527030191
N            1.82983058569175        2.57309357007082       -0.68277297479004
O            0.61404398835117        2.50857497984953        1.50093913541204
O            0.77498624590649        0.41828313078803        0.21010839865608
O            3.58051123230966        3.63859788622009        0.83891928684392
O            3.78344957187738        1.26659986956625        0.21007504779271
15
 energy: -58.226817712878 gnorm: 0.016748142121 xtb: 6.7.1 (edcfbbe)
C           -0.72701016339247        2.35918568629456       -0.81557012855313
C            4.11125126695356        3.08435841376389       -1.70379794590711
F           -0.93058985448277        3.65239620544862       -0.70371188687662
F           -0.46682056517308        2.04711505691078       -2.06088749247251
F           -1.80040763658356        1.70413575563696       -0.41350385869921
F            3.63040695050731        4.24510604678785       -2.08327931352923
F            5.41037563176259        3.18322371436494       -1.50672740453255
F            3.87119981181601        2.17136046634650       -2.61677688165993
S            0.75494633519537        1.78889636606486        0.25108713574650
S            3.30305371081772        2.60778269243414       -0.01486557807750
N            1.83787562056933        2.57526774556764       -0.63826666435603
O            0.62527958683607        2.40537288743266        1.52598199975853
O            0.76491083972642        0.37326241721536        0.13064423482443
O            3.59491936135533        3.71549905515137        0.82689194924486
O            3.79334910409203        1.31343749057957        0.29318183508913
15
 energy: -58.227274527540 gnorm: 0.024510581509 xtb: 6.7.1 (edcfbbe)
C           -0.68217625339963        2.37978869085328       -0.82663981928096
C            4.05918348231907        3.07097110737155       -1.70448398566415
F           -0.81682421102533        3.69062000810431       -0.72509654769222
F           -0.38336459818190        2.05720323084741       -2.06643612556335
F           -1.82119342890533        1.78461721391385       -0.46738157032565
F            3.53332943227962        4.21396976408738       -2.09461849631286
F            5.37384452357030        3.20198801027891       -1.58504329650264
F            3.78118803311985        2.12666241968843       -2.58042350214805
S            0.76605636533007        1.73221584301675        0.25484749693736
S            3.30425675807313        2.63974508258963        0.03362778465460
N            1.84583603734756        2.56745606924274       -0.59137024588218
O            0.63799043235799        2.29330201421203        1.55840519756117
O            0.75538241526558        0.32148816556122        0.06197417654456
O            3.60696547863063        3.78680776080002        0.82025059488630
O            3.81226553321824        1.35956461943212        0.38278833878768
15
 energy: -58.227938631040 gnorm: 0.012948348751 xtb: 6.7.1 (edcfbbe)
C           -0.68375318845037        2.38095531154060       -0.81815409084674
C            4.06158213777881        3.06474118862617       -1.69902152135275
F           -0.80413684943177        3.68728509120562       -0.70203738544333
F           -0.39203930860956        2.06237604134055       -2.06070349724983
F           -1.81948111620586        1.80024978843095       -0.46736243674878
F            3.52973399143172        4.20157177746847       -2.09717784148672
F            5.36575040947631        3.20096553191603       -1.58702467684498
F            3.79192280284754        2.11036577748988       -2.55965117042351
S            0.77500587699648        1.72201902594685        0.24166258366199
S            3.29334433327513        2.65307175856738        0.03739376490365
N            1.84183646902403        2.57002380405471       -0.59822338851612
O            0.65020442780452        2.26548794365806        1.54936647839736
O            0.76875559744469        0.32564241043799        0.02779447113949
O            3.58877820895604        3.80344343321945        0.80280082238695
O            3.80523620766215        1.37820111609688        0.40073788842295
15
 energy: -58.228191740479 gnorm: 0.029910516556 xtb: 6.7.1 (edcfbbe)
C           -0.68555605101900        2.38831688143785       -0.80984126982582
C            4.06533433259035        3.04728113401345       -1.69718442708158
F           -0.79612218092894        3.68110985767617       -0.65321864908862
F           -0.41324662073983        2.09872427392372       -2.06077241000855
F           -1.80877319990210        1.80928755865085       -0.48033397705587
F            3.52986283361980        4.17063388804955       -2.12645412185150
F            5.36189072158707        3.20062460639810       -1.59409687799378
F            3.80187630822369        2.06366951141956       -2.52916246189903
S            0.78629840845138        1.70430981854911        0.22535229237077
S            3.28245627444247        2.68269222459558        0.05110120141537
N            1.83886761470560        2.58763363913529       -0.59871493053280
O            0.66852787418312        2.18443268778357        1.56174972432533
O            0.77267670105899        0.30657952855973       -0.05727728373517
O            3.58080721413955        3.87430393212307        0.77242898139399
O            3.78783976958772        1.42680045768392        0.46682420956692
15
 energy: -58.228795472235 gnorm: 0.015562478977 xtb: 6.7.1 (edcfbbe)
C           -0.68585630540029        2.38879972858445       -0.80432544126797
C            4.06512819786465        3.04622143272821       -1.69446535037423
F           -0.76850537640715        3.69208005124875       -0.64059811293669
F           -0.41877049279979        2.10750254350812       -2.06021853112976
F           -1.83059938722006        1.82892985465808       -0.47751289142394
F            3.52031760111941        4.16187529631108       -2.13666265570903
F            5.36119885444584        3.21127922049373       -1.59444638902308
F            3.81076963238126        2.05273972919871       -2.51620299665216
S            0.79171487999457        1.68470312771113        0.21697128106215
S            3.27693955886146        2.69264002798315        0.05367867502434
N            1.83641157029926        2.57713551667565       -0.60614170158427
O            0.68120383988970        2.15184028588649        1.55478663016857
O            0.77930162054431        0.29511617439434       -0.07435919408133
O            3.56470157058297        3.89114986606491        0.76126105122544
O            3.78878423584376        1.44438714455267        0.48863562670162
15
 energy: -58.229276573297 gnorm: 0.012556266958 xtb: 6.7.1 (edcfbbe)
C           -0.69439576508762        2.38931432489354       -0.79350156329432
C            4.07799417337732        3.03983762408315       -1.68751550623240
F           -0.76224032596215        3.69321043074630       -0.60276001360941
F           -0.44698709364414        2.13249795640955       -2.06394957006643
F           -1.84360596191788        1.84141097048122       -0.45827428604953
F            3.52236800797605        4.13953253880671       -2.16332959732452
F            5.38144927213816        3.22316097207115       -1.58838456190277
F            3.83615824407344        2.02434973754817       -2.49285163451798
S            0.80336124796093        1.66633974191595        0.19545698118370
S            3.26515984234066        2.71558308825400        0.05680901021362
N            1.83394296826681        2.58070192854664       -0.62502700481031
O            0.69910346254760        2.09790666846085        1.54400769613580
O            0.79621994463175        0.28684213080421       -0.12015532465376
O            3.53052575141112        3.91654671478088        0.74729414970619
O            3.77368623188786        1.47916517219709        0.52258122522181
15
 energy: -58.229843850072 gnorm: 0.015784547159 xtb: 6.7.1 (edcfbbe)
C           -0.71202778961522        2.39047167459630       -0.77071404947747
C            4.09998747508476        3.02888672324833       -1.68207290853486
F           -0.75767917934307        3.69535671510671       -0.53584165701637
F           -0.50163176116033        2.17586734275724       -2.06179542974536
F           -1.86686032545156        1.85370689948029       -0.42214319954176
F            3.54506720883217        4.10917017581139       -2.20106624424043
F            5.39267948893636        3.22789251162572       -1.54831060585007
F            3.90302460532341        1.99181468772299       -2.46787143190136
S            0.81971475197537        1.63530229222188        0.16211223593738
S            3.24178072083913        2.74735721407892        0.04934295599069
N            1.82370595715029        2.57460975996503       -0.66145801033894
O            0.73583486186060        2.01627781298781        1.52334949685744
O            0.81644771909752        0.26569621439044       -0.19552027565083
O            3.48143740954662        3.98000999229009        0.70405538501963
O            3.75125885692391        1.53397998371616        0.57833373849205
15
 energy: -58.230444316726 gnorm: 0.016575358768 xtb: 6.7.1 (edcfbbe)
C           -0.72646450554650        2.38973165156368       -0.75326711806330
C            4.12242794360784        3.02022017083807       -1.67754343738984
F           -0.77685594119252        3.68722556917941       -0.48560740171433
F           -0.55614176522875        2.20923147123587       -2.05624210883662
F           -1.86581585222101        1.84105855495488       -0.38101203021014
F            3.57976889445969        4.08630543398020       -2.23052715938885
F            5.41006281562132        3.22408975887970       -1.50351330425479
F            3.95446322539709        1.96885291210964       -2.45353230999454
S            0.83161246338795        1.62300265996646        0.13180511748257
S            3.22444281254373        2.77287715174993        0.03979836512330
N            1.81918767435267        2.58256631361653       -0.68951229948155
O            0.75776899005803        1.97315762415285        1.50090461882091
O            0.83303138522012        0.25854328747636       -0.25265978975255
O            3.44475709145298        4.01814508072226        0.67923998078980
O            3.72049476808733        1.57139235957342        0.60206887686971
15
 energy: -58.231323037710 gnorm: 0.016452163529 xtb: 6.7.1 (edcfbbe)
C           -0.73293830746855        2.39695541884875       -0.73355757554098
C            4.13904482640853        3.00644054598494       -1.67085641691313
F           -0.78837204436848        3.68068490041867       -0.42757185278770
F           -0.61832298838854        2.25454011278024       -2.04107748381342
F           -1.84244158202989        1.82258958578306       -0.32526899996573
F            3.61185468787312        4.05068142098895       -2.27067968993361
F            5.42125671436176        3.21960599529357       -1.44157732141370
F            4.00284779699929        1.93481466882303       -2.42845320509075
S            0.84391267882611        1.60353548807524        0.08530314444207
S            3.20322192594084        2.80977288450958        0.03150030089998
N            1.81676283270602        2.59191540541913       -0.71594041081275
O            0.78225194365087        1.91451962023425        1.46803485933141
O            0.84495234224661        0.24735028213491       -0.34215543606174
O            3.40366441758676        4.07234770380975        0.64764118454824
O            3.68504475565556        1.62064596689507        0.63505890311166
15
 energy: -58.231689480448 gnorm: 0.016758137839 xtb: 6.7.1 (edcfbbe)
C           -0.74974438220785        2.39489839962990       -0.71414366413623
C            4.16678771444322        3.00269428633444       -1.66406755598840
F           -0.82490908747342        3.66415330045127       -0.37564064507089
F           -0.69216985799846        2.28705930423418       -2.02618538495983
F           -1.81808949084772        1.77336797772500       -0.25687701462444
F            3.67663434009467        4.03589772751686       -2.30277501330754
F            5.44062860847562        3.20936920336833       -1.35811957668379
F            4.06865795502255        1.92732537829018       -2.41874424640683
S            0.84815754544972        1.60366996869956        0.04733058272603
S            3.18379534039589        2.82853643962399        0.00783580672736
N            1.80957365688492        2.59744738801218       -0.75089796373771
O            0.79403084866536        1.91430320685353        1.42344317192707
O            0.84779892254018        0.25589420333168       -0.38467914188087
O            3.37165421056036        4.08838926798496        0.62449633551129
O            3.64993367599501        1.64339394794307        0.61942430990469
15
 energy: -58.232094736669 gnorm: 0.009084628199 xtb: 6.7.1 (edcfbbe)
C           -0.75130658042082        2.39616198166968       -0.71116853603505
C            4.17064417852283        3.00310994354634       -1.66059073273777
F           -0.82609678087898        3.66384462203275       -0.36339629231370
F           -0.69919840793995        2.29396412696249       -2.02363071874974
F           -1.81381385667061        1.76148128861484       -0.25458222634916
F            3.68832874929666        4.03312570441618       -2.31565323627428
F            5.44232757515391        3.21102558898685       -1.35865855648310
F            4.06938534132174        1.91637711714838       -2.39677870909240
S            0.84603377258261        1.60145113037414        0.04281951784707
S            3.18290253172114        2.83460141730724        0.00755588443744
N            1.80674599730636        2.60086895396962       -0.75250817331287
O            0.79655449723864        1.90026046197317        1.42484525290589
O            0.83330957377262        0.25921016975062       -0.40588788498012
O            3.37391182034845        4.09943145082784        0.61255981782221
O            3.65301158864545        1.65148604241899        0.62547459331549
15
 energy: -58.232450667106 gnorm: 0.006111927313 xtb: 6.7.1 (edcfbbe)
C           -0.75516121816182        2.40088349670468       -0.70133168271133
C            4.17926396885949        2.99695024761393       -1.65381937391634
F           -0.83668940369039        3.66346498588920       -0.33265657703468
F           -0.71522847490960        2.31567996449846       -2.01478143465987
F           -1.80528010416402        1.73846670099388       -0.24845055056393
F            3.70964783312157        4.01669353399504       -2.34287986534141
F            5.44582827657077        3.21196261662802       -1.35578694089957
F            4.07624784716251        1.88709111804041       -2.35437866235610
S            0.84557955327743        1.59521430485046        0.02875616701016
S            3.17983930823763        2.85323871486786        0.00816364127936
N            1.80269731334217        2.61015240016637       -0.75621815725444
O            0.80802557944575        1.86361401642059        1.42268543253573
O            0.80984015381707        0.26631917603343       -0.46021859052981
O            3.37109641125371        4.12965275562933        0.58912655628387
O            3.65703295583775        1.67701596766747        0.64219003815824
15
 energy: -58.232560932021 gnorm: 0.007848397852 xtb: 6.7.1 (edcfbbe)
C           -0.75780731972090        2.40396496765852       -0.69428706592411
C            4.18415521952356        2.98999125636816       -1.65082693981121
F           -0.84441457243205        3.66251070818442       -0.31319151901242
F           -0.72505873054927        2.33133265092803       -2.00850355668731
F           -1.80203160694576        1.73018700853119       -0.24315324161743
F            3.71729564505624        4.00116437112444       -2.35609340272727
F            5.44819767255277        3.21143471298794       -1.35063849053652
F            4.08457750631800        1.87018494792391       -2.33620813393205
S            0.84787804955488        1.59091991660881        0.01827612152267
S            3.17701315245045        2.86531094063483        0.00843637178574
N            1.80202146488279        2.61473022120893       -0.75923847116284
O            0.81700863810634        1.84246229205345        1.41648053055134
O            0.80433601773294        0.26953118648324       -0.49129456587529
O            3.36347655983805        4.14793799763167        0.57776811445792
O            3.65609230363200        1.69473682167156        0.65287424896869
15
 energy: -58.232732271829 gnorm: 0.006595797946 xtb: 6.7.1 (edcfbbe)
C           -0.76162125835391        2.40851576816647       -0.68329063940302
C            4.19079187971631        2.97813361849426       -1.64692956278725
F           -0.85480181498107        3.66034541572663       -0.28424856526689
F           -0.74006686583734        2.35548695285480       -1.99864363537918
F           -1.79813277116259        1.72288874179808       -0.23323894247425
F            3.72480131494053        3.97441723223315       -2.37330682551069
F            5.45161497533611        3.21045866023771       -1.33998975702645
F            4.09970467357661        1.84687360278330       -2.31403465292982
S            0.85297003818422        1.58391134210969        0.00142675654289
S            3.17208904319219        2.88298514306679        0.00859820237512
N            1.80239961448054        2.61964031935697       -0.76424208606479
O            0.83163946086211        1.81200451974713        1.40320920587579
O            0.80116136378377        0.27385520876951       -0.53583313914295
O            3.34781988884450        4.17449494680899        0.56154650099317
O            3.65237045741804        1.72238852784562        0.66937714019823
15
 energy: -58.232875768740 gnorm: 0.004665185612 xtb: 6.7.1 (edcfbbe)
C           -0.76569657262272        2.41336797859975       -0.67012796217613
C            4.19809184311027        2.96554675385847       -1.64196643107880
F           -0.86127760262012        3.65635369493743       -0.24620594033775
F           -0.75932149113247        2.38645192591371       -1.98703740211861
F           -1.79355389223348        1.71640304943682       -0.21973579069224
F            3.73469103248252        3.94173163622954       -2.39638696886745
F            5.45523707251678        3.21032682864725       -1.32443711095602
F            4.11913440699957        1.81973600713149       -2.28542983961787
S            0.85884141206927        1.57442207655742       -0.01962384114976
S            3.16472070820300        2.90332071694617        0.00727071835743
N            1.80240228058356        2.62317597395167       -0.77139642620933
O            0.84809703393274        1.77539973039147        1.38487661064489
O            0.79898574693605        0.27812523842354       -0.58775045045238
O            3.32644582291646        4.20571276225253        0.53898952996350
O            3.64594219885857        1.75632562672185        0.68936130469046
15
 energy: -58.232955843017 gnorm: 0.004129676469 xtb: 6.7.1 (edcfbbe)
C           -0.76834471341442        2.41673304333463       -0.65922002486103
C            4.20363002984507        2.95686396743166       -1.63730681770759
F           -0.86011884787243        3.65165740679036       -0.21119994735705
F           -0.77579786973113        2.41404499859245       -1.97697231192980
F           -1.79010642584594        1.71193690427700       -0.20885423660186
F            3.74492967871194        3.91458724582446       -2.41758938392458
F            5.45752424812283        3.21134327073368       -1.31072779186493
F            4.13538624281341        1.79757204102345       -2.25811509973956
S            0.86267974276252        1.56544794718739       -0.03741730324274
S            3.15743034319192        2.91988114987376        0.00459918244312
N            1.80137635972751        2.62440035248898       -0.77799665994716
O            0.85909674541441        1.74378308101027        1.36881715942220
O            0.79720335240143        0.28084789268280       -0.62981641637980
O            3.30775433291201        4.23159452457422        0.51646604172970
O            3.64009678096086        1.78570617417397        0.70573360996102
15
 energy: -58.233016163632 gnorm: 0.003872884698 xtb: 6.7.1 (edcfbbe)
C           -0.76936108638459        2.41913794279370       -0.65003229419222
C            4.20746929868841        2.95066493662388       -1.63299330181418
F           -0.85234246672446        3.64644775244445       -0.17905792666911
F           -0.78906288319967        2.43920165274644       -1.96749102570771
F           -1.78789798682867        1.70958684467440       -0.20132879185740
F            3.75455920315955        3.89108245995284       -2.43613147022274
F            5.45831412917889        3.21333990075608       -1.29959972320253
F            4.14847357121435        1.77927738890173       -2.23208059794228
S            0.86484791089910        1.55657951143579       -0.05246079875563
S            3.15040984094145        2.93399097786724        0.00104907012995
N            1.79962551784998        2.62386446432980       -0.78357984471535
O            0.86502709327460        1.71478941299530        1.35506883033294
O            0.79580490206726        0.28218747667456       -0.66437663892769
O            3.29140761381901        4.25379558535525        0.49382602634025
O            3.63546534204479        1.81245369244761        0.71958848720363
15
 energy: -58.233064580802 gnorm: 0.003419164223 xtb: 6.7.1 (edcfbbe)
C           -0.76860442285480        2.42149099431618       -0.64198187797079
C            4.20974997427342        2.94554381395772       -1.62915211167140
F           -0.83956074636589        3.64112726446197       -0.14860690232435
F           -0.79942949240906        2.46414845936768       -1.95809435575956
F           -1.78652339240766        1.70897685149309       -0.19717165766126
F            3.76263267356097        3.86876928101288       -2.45340142297107
F            5.45737983817347        3.21682315824812       -1.29098722375985
F            4.15924476444717        1.76250316907234       -2.20607059788877
S            0.86583197924443        1.54715430241742       -0.06563635271224
S            3.14378964577696        2.94718785006459       -0.00273942057893
N            1.79753582322495        2.62212064460703       -0.78776954851655
O            0.86700491173322        1.68497850110723        1.34363071735043
O            0.79442847353856        0.28215658742073       -0.69518471952391
O            3.27675303655920        4.27455458367881        0.47063978451157
O            3.63250693350505        1.83886453877327        0.73292568947662
15
 energy: -58.233092153201 gnorm: 0.002593533429 xtb: 6.7.1 (edcfbbe)
C           -0.76674888266150        2.42417627785449       -0.63581771814155
C            4.21076745518353        2.94088912027821       -1.62656021762831
F           -0.82720661923838        3.63693717897179       -0.12396221334800
F           -0.80616250173169        2.48644831268420       -1.95023971784445
F           -1.78575787948798        1.70969686981273       -0.19595137177869
F            3.76665187336268        3.84912947035246       -2.46759818907188
F            5.45527200942775        3.22172322147479       -1.28556859720150
F            4.16793666946840        1.74828776028408       -2.18441229041980
S            0.86618533787184        1.53863567884905       -0.07585094497895
S            3.13884375341049        2.95813769397353       -0.00549053280480
N            1.79616012952944        2.61987594410150       -0.79005927042278
O            0.86656837301051        1.65799734588761        1.33547312538696
O            0.79335470710063        0.28102876617692       -0.71987281135062
O            3.26529819764689        4.29174700601440        0.45127079016586
O            3.63157737710740        1.86168935328332        0.74503995943845
15
 energy: -58.233104401185 gnorm: 0.001892146648 xtb: 6.7.1 (edcfbbe)
C           -0.76479430724833        2.42634696146345       -0.63303344863088
C            4.21067560645320        2.93785068644870       -1.62573998571477
F           -0.81939844419800        3.63466759035696       -0.11103513833253
F           -0.80796343944486        2.50023428280395       -1.94607289840702
F           -1.78569932639928        1.71145261037262       -0.19715106898602
F            3.76544930239522        3.83705954780624       -2.47480748684770
F            5.45303143186567        3.22678005892659       -1.28425528382925
F            4.17327915957676        1.74071154886511       -2.17318950354244
S            0.86599945598856        1.53362749913589       -0.08085659639716
S            3.13671723972109        2.96355824757309       -0.00660669940020
N            1.79609307237069        2.61747728058324       -0.79043374437740
O            0.86453620839009        1.64236175198267        1.33156175686809
O            0.79310074160065        0.27944812098652       -0.73152547072448
O            3.25946729842763        4.30033892790865        0.44103085402318
O            3.63224600050091        1.87448488478538        0.75251471429852
15
 energy: -58.233110663167 gnorm: 0.001742279844 xtb: 6.7.1 (edcfbbe)
C           -0.76243276437141        2.43040231953510       -0.62922147437807
C            4.21098410067006        2.93257242246350       -1.62480872300452
F           -0.81200527659992        3.63189446589629       -0.09126740425975
F           -0.81015518025890        2.52216583416569       -1.94108397658329
F           -1.78490411976526        1.71276787765995       -0.19934268958618
F            3.76095626218394        3.81799056067184       -2.48699126884180
F            5.44994353297520        3.23609415282240       -1.28321868702595
F            4.18321976387255        1.72777455861600       -2.15641858948592
S            0.86603583348351        1.52677220417847       -0.08827089212018
S            3.13428006887342        2.97121733673806       -0.00711155402024
N            1.79688106042495        2.61411685339239       -0.79074357162190
O            0.86338188575037        1.61985903289217        1.32593043778494
O            0.79157679315868        0.27731270381574       -0.74947849417977
O            3.25115876287901        4.31288025030927        0.42788656456958
O            3.63381927672380        1.89257942684219        0.76454032275298
15
 energy: -58.233114041186 gnorm: 0.001675535585 xtb: 6.7.1 (edcfbbe)
C           -0.76124149419503        2.43095531269465       -0.63168319429177
C            4.20962404373160        2.93299506390166       -1.62610201579384
F           -0.81221610632346        3.63226413805788       -0.09594558451784
F           -0.80414248055501        2.52086761249031       -1.94302895254485
F           -1.78578000211763        1.71489227369941       -0.20410547644457
F            3.75314173556260        3.81938251064573       -2.48275126180480
F            5.44847225720992        3.24009197430247       -1.28845108089203
F            4.18316571092553        1.73130668716234       -2.16115919921507
S            0.86503819250806        1.52815860410073       -0.08498669329061
S            3.13613654617929        2.96728612243655       -0.00598989525980
N            1.79840773732452        2.61183459342861       -0.78898366571055
O            0.86071211289182        1.62502975762231        1.32817268893962
O            0.79142752251573        0.27602181167483       -0.74014655080835
O            3.25404258472372        4.30728231210486        0.43216002553280
O            3.63595163961832        1.88803122567672        0.76340085610160
15
 energy: -58.233118564695 gnorm: 0.000574016858 xtb: 6.7.1 (edcfbbe)
C           -0.76181613935267        2.43096503742067       -0.63242810152291
C            4.20970417706377        2.93346362485578       -1.62625935112499
F           -0.81540221318696        3.63282150136264       -0.09716631345837
F           -0.80225253128952        2.51949705738163       -1.94444422107540
F           -1.78565700595685        1.71388045390112       -0.20558405407743
F            3.75102101580346        3.82073307033563       -2.48204126567850
F            5.44883936863597        3.24090789439286       -1.29022226534223
F            4.18366296425272        1.73174612824702       -2.16240047702994
S            0.86502017612437        1.52936069089378       -0.08368968554574
S            3.13686381450947        2.96568829443360       -0.00522912203523
N            1.79882442618550        2.61189894624905       -0.78878276982507
O            0.86245071692033        1.62866042980687        1.32926816746186
O            0.78978651219257        0.27644794637736       -0.73785602535522
O            3.25525756220562        4.30537741617160        0.43476520176161
O            3.63643715589219        1.88495150816945        0.76247028284749
15
 energy: -58.233121027491 gnorm: 0.000723572896 xtb: 6.7.1 (edcfbbe)
C           -0.76124470921775        2.43196108253337       -0.63295515993928
C            4.20904913305171        2.93337863522271       -1.62658217727551
F           -0.81620494790904        3.63293449962454       -0.09527882510081
F           -0.79796968518790        2.52266870645523       -1.94513775628112
F           -1.78598093518849        1.71401328060375       -0.21022968874795
F            3.74532949594734        3.81831077105376       -2.48275942304837
F            5.44775984727146        3.24544486756254       -1.29361268040427
F            4.18626562083448        1.73049447186177       -2.16089217778680
S            0.86456951848616        1.52919710676130       -0.08256043751309
S            3.13752484743573        2.96435566419737       -0.00447929504254
N            1.79963839714961        2.61015719048579       -0.78811756165001
O            0.86328032535662        1.62897600402519        1.33040316881828
O            0.78708183374580        0.27590701759951       -0.73619162428702
O            3.25537843582035        4.30437936766568        0.43534709324422
O            3.63826282240390        1.88422133434653        0.76344654501421
15
 energy: -58.233122565880 gnorm: 0.000833862266 xtb: 6.7.1 (edcfbbe)
C           -0.76027642100151        2.43308191655284       -0.63320839233210
C            4.20811029152626        2.93331693861233       -1.62699105115943
F           -0.81613108758475        3.63288874477543       -0.09278124239191
F           -0.79324644334583        2.52688925477056       -1.94538860353841
F           -1.78643724627844        1.71455556841902       -0.21532651732481
F            3.73968738282018        3.81502919777614       -2.48398797701835
F            5.44621299083211        3.25046518266133       -1.29669549251413
F            4.18932462745102        1.72925943890750       -2.15904126393821
S            0.86408588274481        1.52849628126318       -0.08144465219526
S            3.13796974958252        2.96318696998920       -0.00399846359401
N            1.80039002110674        2.60790265661017       -0.78753663285652
O            0.86371412074587        1.62868993294135        1.33151997798220
O            0.78441294881130        0.27501845358875       -0.73446851037820
O            3.25470552907085        4.30355453646299        0.43536070713723
O            3.64021765351885        1.88406492666828        0.76438811412183
15
 energy: -58.233123766902 gnorm: 0.000611767530 xtb: 6.7.1 (edcfbbe)
C           -0.75922997768216        2.43417778436208       -0.63312252570473
C            4.20725777207930        2.93341172837651       -1.62739887575850
F           -0.81554725940833        3.63273424830205       -0.09006121153579
F           -0.78890498117963        2.53125509144802       -1.94515085027290
F           -1.78689001532858        1.71530669383562       -0.21981556084346
F            3.73515135885122        3.81147222385635       -2.48577565271550
F            5.44459869598231        3.25541154386369       -1.29885438690950
F            4.19246902102005        1.72811075458559       -2.15684057293652
S            0.86364663574464        1.52743893934271       -0.08055349943794
S            3.13814979713054        2.96228729111775       -0.00389640637564
N            1.80096320010697        2.60549748643037       -0.78732005302062
O            0.86401465683303        1.62824537074120        1.33240114019705
O            0.78186535156821        0.27395328125650       -0.73308016728630
O            3.25322845117653        4.30290953698351        0.43504292368485
O            3.64196729310588        1.88418802549711        0.76482569891542
15
 energy: -58.233124632218 gnorm: 0.000358074212 xtb: 6.7.1 (edcfbbe)
C           -0.75847998908825        2.43500804310361       -0.63271006816745
C            4.20694118106081        2.93354490963673       -1.62761093558056
F           -0.81459285087935        3.63243892516541       -0.08737783937363
F           -0.78656545385353        2.53488138619301       -1.94451845023871
F           -1.78712029719209        1.71598810283134       -0.22220764796911
F            3.73306858112495        3.80833707801453       -2.48791344747559
F            5.44348630189247        3.25923673797707       -1.29945252998376
F            4.19536160123007        1.72719233484228       -2.15463171767621
S            0.86336787051896        1.52627160024938       -0.08031686739091
S            3.13791943785327        2.96194126586120       -0.00424188379757
N            1.80122411531428        2.60343466285710       -0.78773357830081
O            0.86428357352674        1.62773768435086        1.33260829794822
O            0.77991964247520        0.27295274284142       -0.73265452362724
O            3.25099476814194        4.30277194249529        0.43437454587426
O            3.64293151787452        1.88466258357981        0.76478664575899
